<?xml version="1.0" encoding="UTF-8"?>
<!-- Generated by org.testng.reporters.JUnitXMLReporter -->
<testsuite ignored="2" hostname="P5RO-PORT1736" failures="0" tests="11" name="First Test" time="0.088" errors="0" timestamp="2022-09-08T16:48:53 EEST">
  <testcase classname="mavenReportsCristianStefan.TestNGTutorial.day1" name="Day2" time="0.004"/>
  <testcase classname="mavenReportsCristianStefan.TestNGTutorial.day3" name="MobileSignOut" time="0.001"/>
  <testcase classname="mavenReportsCristianStefan.TestNGTutorial.day3" name="WebLoginCarLoan" time="0.002"/>
  <testcase classname="mavenReportsCristianStefan.TestNGTutorial.day3" name="cristianParams" time="0.001"/>
  <testcase classname="mavenReportsCristianStefan.TestNGTutorial.day3" name="MobileLoginCarLoan" time="0.006"/>
  <testcase classname="mavenReportsCristianStefan.TestNGTutorial.day4" name="LogInAPIhomeLoan" time="0.001"/>
  <testcase classname="mavenReportsCristianStefan.TestNGTutorial.day4" name="MobileLoginHomeLoan" time="0.001"/>
  <testcase classname="mavenReportsCristianStefan.TestNGTutorial.day4" name="WebLoginHomeLoan" time="0.001"/>
  <testcase classname="mavenReportsCristianStefan.TestNGTutorial.day2" name="Day1" time="0.001"/>
  <testcase classname="mavenReportsCristianStefan.TestNGTutorial.day2" name="Day2" time="0.0"/>
  <testcase classname="mavenReportsCristianStefan.TestNGTutorial.day3" name="APIcarLoan" time="0.003"/>
  <testcase classname="mavenReportsCristianStefan.TestNGTutorial.day1" name="Day1" time="0.0">
    <ignored/>
  </testcase> <!-- Day1 -->
  <testcase classname="mavenReportsCristianStefan.TestNGTutorial.day3" name="MobileSignInLoan" time="0.0">
    <ignored/>
  </testcase> <!-- MobileSignInLoan -->
</testsuite> <!-- First Test -->
