<?xml version="1.0" encoding="UTF-8"?>
<!-- Generated by org.testng.reporters.JUnitXMLReporter -->
<testsuite ignored="1" hostname="P5RO-PORT1736" failures="0" tests="2" name="Car Loan" time="0.009" errors="0" timestamp="2022-09-05T17:44:23 EEST">
  <testcase classname="mavenReportsCristianStefan.TestNGTutorial.day3" name="LogInAPIcarLoan" time="0.001"/>
  <testcase classname="mavenReportsCristianStefan.TestNGTutorial.day3" name="WebLoginCarLoan" time="0.001"/>
  <testcase classname="mavenReportsCristianStefan.TestNGTutorial.day3" name="MobileLoginCarLoan" time="0.0">
    <ignored/>
  </testcase> <!-- MobileLoginCarLoan -->
</testsuite> <!-- Car Loan -->
