<?xml version="1.0" encoding="UTF-8"?>
<!-- Generated by org.testng.reporters.JUnitXMLReporter -->
<testsuite ignored="0" hostname="P5RO-PORT1736" failures="1" tests="5" name="Test" time="0.106" errors="0" timestamp="2022-09-12T16:04:22 EEST">
  <testcase classname="mavenReportsCristianStefan.TestNGTutorial.day5" name="LogInAPIhomeLoan5" time="0.017">
    <failure type="java.lang.AssertionError">
      <![CDATA[java.lang.AssertionError
at org.junit.Assert.fail(Assert.java:86)
at org.junit.Assert.assertTrue(Assert.java:41)
at org.junit.Assert.assertTrue(Assert.java:52)
at mavenReportsCristianStefan.TestNGTutorial.day5.LogInAPIhomeLoan5(day5.java:63)
at java.base/java.util.ArrayList.forEach(ArrayList.java:1541)
... Removed 27 stack frames]]>
    </failure>
  </testcase> <!-- LogInAPIhomeLoan5 -->
  <testcase classname="mavenReportsCristianStefan.TestNGTutorial.day5" name="MobileLoginHomeLoan4" time="0.002"/>
  <testcase classname="mavenReportsCristianStefan.TestNGTutorial.day5" name="WebLoginHomeLoan4" time="0.002"/>
  <testcase classname="mavenReportsCristianStefan.TestNGTutorial.day5" name="WebLoginHomeLoan4" time="0.002"/>
  <testcase classname="mavenReportsCristianStefan.TestNGTutorial.day5" name="WebLoginHomeLoan4" time="0.001"/>
</testsuite> <!-- Test -->
